Removed Member From Class: ClassName=RPi_DAQ_Hat_MCU Member=R1
Change Component Designator: OldDesignator=Q3 NewDesignator=Q4
Change Component Designator: OldDesignator=Q4 NewDesignator=Q5
Change Component Designator: OldDesignator=Q5 NewDesignator=Q7
Change Component Designator: OldDesignator=Q6 NewDesignator=Q10
Change Component Designator: OldDesignator=Q7 NewDesignator=Q11
Change Component Designator: OldDesignator=Q8 NewDesignator=Q12
Change Component Designator: OldDesignator=Q9 NewDesignator=Q13
Change Component Designator: OldDesignator=Q10 NewDesignator=Q14
Change Component Designator: OldDesignator=Q11 NewDesignator=Q15
Change Component Designator: OldDesignator=R3 NewDesignator=R4
Change Component Designator: OldDesignator=R4 NewDesignator=R5
Change Component Designator: OldDesignator=R5 NewDesignator=R7
Change Component Designator: OldDesignator=R6 NewDesignator=R10
Change Component Designator: OldDesignator=R7 NewDesignator=R11
Change Component Designator: OldDesignator=R8 NewDesignator=R12
Change Component Designator: OldDesignator=R9 NewDesignator=R13
Change Component Designator: OldDesignator=R10 NewDesignator=R14
Change Component Designator: OldDesignator=R11 NewDesignator=R15
Change Component Designator: OldDesignator=R12 NewDesignator=R16
Change Component Designator: OldDesignator=R13 NewDesignator=R17
Change Component Designator: OldDesignator=R14 NewDesignator=R18
Change Component Designator: OldDesignator=R15 NewDesignator=R19
Change Component Designator: OldDesignator=R16 NewDesignator=R20
Change Component Designator: OldDesignator=R17 NewDesignator=R21
Change Component Designator: OldDesignator=R18 NewDesignator=R22
Change Component Designator: OldDesignator=R19 NewDesignator=R23
Change Component Designator: OldDesignator=R20 NewDesignator=R24
Change Component Designator: OldDesignator=R21 NewDesignator=R25
Change Component Designator: OldDesignator=R22 NewDesignator=R26
Change Component Designator: OldDesignator=R23 NewDesignator=R27
Change Component Designator: OldDesignator=R24 NewDesignator=R28
Change Component Designator: OldDesignator=R25 NewDesignator=R29
Change Component Designator: OldDesignator=R26 NewDesignator=R30
Change Component Designator: OldDesignator=R27 NewDesignator=R31
Change Component Designator: OldDesignator=R28 NewDesignator=R32
Change Component Designator: OldDesignator=R29 NewDesignator=R33
Change Component Designator: OldDesignator=R30 NewDesignator=R34
Change Component Designator: OldDesignator=R31 NewDesignator=R35
Change Component Designator: OldDesignator=R32 NewDesignator=R36
Change Component Designator: OldDesignator=R33 NewDesignator=R37
Change Component Designator: OldDesignator=R34 NewDesignator=R38
Change Component Designator: OldDesignator=R35 NewDesignator=R39
Change Component Designator: OldDesignator=R36 NewDesignator=R40
Change Component Designator: OldDesignator=R37 NewDesignator=R41
Change Component Designator: OldDesignator=R38 NewDesignator=R42
Change Component Designator: OldDesignator=R39 NewDesignator=R43
Change Component Designator: OldDesignator=R40 NewDesignator=R44
Change Component Designator: OldDesignator=R41 NewDesignator=R45
Change Component Designator: OldDesignator=R42 NewDesignator=R46
Change Component Designator: OldDesignator=R43 NewDesignator=R47
Change Component Designator: OldDesignator=R44 NewDesignator=R48
Change Component Designator: OldDesignator=R45 NewDesignator=R49
Added Component: Designator=Q3(DMP3160L)
Added Component: Designator=Q6(DMP3160L)
Added Component: Designator=Q8(DMP3160L)
Added Component: Designator=Q9(DMP3160L)
Added Component: Designator=R3(R0805)
Added Component: Designator=R6(R0805)
Added Component: Designator=R8(R0805)
Added Component: Designator=R9(R0805)
Added Pin To Net: NetName=3.3V Pin=Q3-3
Added Pin To Net: NetName=3.3V Pin=Q6-3
Added Pin To Net: NetName=3.3V Pin=Q8-3
Added Pin To Net: NetName=3.3V Pin=Q9-3
Change Net Name : Old Net Name=NetQ3_1 New Net Name=NetQ4_1
Change Net Name : Old Net Name=NetQ4_1 New Net Name=NetQ5_1
Change Net Name : Old Net Name=NetQ5_1 New Net Name=NetQ7_1
Change Net Name : Old Net Name=NetQ6_1 New Net Name=NetQ10_1
Change Net Name : Old Net Name=NetQ7_1 New Net Name=NetQ11_1
Change Net Name : Old Net Name=NetQ8_1 New Net Name=NetQ12_1
Change Net Name : Old Net Name=NetQ9_1 New Net Name=NetQ13_1
Change Net Name : Old Net Name=NetQ10_1 New Net Name=NetQ14_1
Change Net Name : Old Net Name=NetQ11_1 New Net Name=NetQ15_1
Added Pin To Net: NetName=NetQ3_1 Pin=Q3-1
Added Pin To Net: NetName=NetQ3_1 Pin=R3-2
Added Net: Name=NetQ3_1
Added Pin To Net: NetName=NetQ6_1 Pin=Q6-1
Added Pin To Net: NetName=NetQ6_1 Pin=R6-2
Added Net: Name=NetQ6_1
Added Pin To Net: NetName=NetQ8_1 Pin=Q8-1
Added Pin To Net: NetName=NetQ8_1 Pin=R8-2
Added Net: Name=NetQ8_1
Added Pin To Net: NetName=NetQ9_1 Pin=Q9-1
Added Pin To Net: NetName=NetQ9_1 Pin=R9-2
Added Net: Name=NetQ9_1
Added Pin To Net: NetName=PB6 Pin=P3-5
Added Pin To Net: NetName=PB6 Pin=R9-1
Added Net: Name=PB6
Added Pin To Net: NetName=PB10 Pin=P2-11
Added Pin To Net: NetName=PB10 Pin=R3-1
Added Net: Name=PB10
Added Pin To Net: NetName=PC8 Pin=P3-4
Added Pin To Net: NetName=PC8 Pin=R6-1
Added Net: Name=PC8
Added Pin To Net: NetName=PE13 Pin=P2-9
Added Pin To Net: NetName=PE13 Pin=R8-1
Added Net: Name=PE13
Added Member To Class: ClassName=RPi_DAQ_Hat_InputConditioning1 Member=Component Q6 MOSFET-P
Added Member To Class: ClassName=RPi_DAQ_Hat_InputConditioning1 Member=Component Q7 MOSFET-P
Added Member To Class: ClassName=RPi_DAQ_Hat_InputConditioning1 Member=Component Q8 MOSFET-P
Added Member To Class: ClassName=RPi_DAQ_Hat_InputConditioning1 Member=Component Q9 MOSFET-P
Added Member To Class: ClassName=RPi_DAQ_Hat_InputConditioning1 Member=Component R6 
Added Member To Class: ClassName=RPi_DAQ_Hat_InputConditioning1 Member=Component R7 
Added Member To Class: ClassName=RPi_DAQ_Hat_InputConditioning1 Member=Component R8 
Added Member To Class: ClassName=RPi_DAQ_Hat_InputConditioning1 Member=Component R9 
