Removed Pin From Net: NetName=GND Pin=D2-1
Removed Pin From Net: NetName=ADC2 Pin=D2-2
Removed Pin From Net: NetName=GND Pin=D3-1
Removed Pin From Net: NetName=ADC5 Pin=D3-2
Removed Pin From Net: NetName=GND Pin=D4-1
Removed Pin From Net: NetName=ADC8 Pin=D4-2
Removed Pin From Net: NetName=GND Pin=D5-1
Removed Pin From Net: NetName=ADC1 Pin=D5-2
Removed Pin From Net: NetName=GND Pin=D6-1
Removed Pin From Net: NetName=ADC4 Pin=D6-2
Removed Pin From Net: NetName=GND Pin=D7-1
Removed Pin From Net: NetName=ADC7 Pin=D7-2
Removed Pin From Net: NetName=GND Pin=D8-1
Removed Pin From Net: NetName=ADC0 Pin=D8-2
Removed Pin From Net: NetName=GND Pin=D9-1
Removed Pin From Net: NetName=ADC3 Pin=D9-2
Removed Pin From Net: NetName=GND Pin=D10-1
Removed Pin From Net: NetName=ADC6 Pin=D10-2
Removed Pin From Net: NetName=GND Pin=D11-1
Removed Pin From Net: NetName=ADC9 Pin=D11-2
Removed Pin From Net: NetName=GND Pin=D12-1
Removed Pin From Net: NetName=ADC11 Pin=D12-2
Removed Pin From Net: NetName=GND Pin=D13-1
Removed Pin From Net: NetName=ADC13 Pin=D13-2
Removed Pin From Net: NetName=GND Pin=D14-1
Removed Pin From Net: NetName=ADC15 Pin=D14-2
Removed Pin From Net: NetName=GND Pin=D15-1
Removed Pin From Net: NetName=ADC14 Pin=D15-2
Removed Pin From Net: NetName=GND Pin=D16-1
Removed Pin From Net: NetName=ADC10 Pin=D16-2
Removed Pin From Net: NetName=GND Pin=D17-1
Removed Pin From Net: NetName=ADC12 Pin=D17-2
Removed Pin From Net: NetName=5V Pin=P2-1
Removed Pin From Net: NetName=CAN2_L Pin=P2-10
Removed Pin From Net: NetName=CAN2_H Pin=P2-11
Removed Pin From Net: NetName=GND Pin=P2-12
Removed Pin From Net: NetName=5V Pin=P4-1
Removed Pin From Net: NetName=GND Pin=P4-12
Removed Pin From Net: NetName=PULL_GPIO4 Pin=Q2-2
Removed Pin From Net: NetName=3.3V Pin=Q2-3
Removed Pin From Net: NetName=PULL_GPIO3 Pin=Q7-2
Removed Pin From Net: NetName=3.3V Pin=Q7-3
Removed Pin From Net: NetName=ADC2 Pin=R10-1
Removed Pin From Net: NetName=ADC5 Pin=R11-1
Removed Pin From Net: NetName=ADC8 Pin=R12-1
Removed Pin From Net: NetName=GND Pin=R13-1
Removed Pin From Net: NetName=ADC2 Pin=R13-2
Removed Pin From Net: NetName=GND Pin=R14-1
Removed Pin From Net: NetName=ADC5 Pin=R14-2
Removed Pin From Net: NetName=GND Pin=R15-1
Removed Pin From Net: NetName=ADC8 Pin=R15-2
Removed Pin From Net: NetName=ADC1 Pin=R16-1
Removed Pin From Net: NetName=ADC4 Pin=R17-1
Removed Pin From Net: NetName=ADC7 Pin=R18-1
Removed Pin From Net: NetName=GND Pin=R19-1
Removed Pin From Net: NetName=ADC1 Pin=R19-2
Removed Pin From Net: NetName=GND Pin=R20-1
Removed Pin From Net: NetName=ADC4 Pin=R20-2
Removed Pin From Net: NetName=GND Pin=R21-1
Removed Pin From Net: NetName=ADC7 Pin=R21-2
Removed Pin From Net: NetName=ADC0 Pin=R22-1
Removed Pin From Net: NetName=ADC3 Pin=R23-1
Removed Pin From Net: NetName=ADC6 Pin=R24-1
Removed Pin From Net: NetName=ADC9 Pin=R25-1
Removed Pin From Net: NetName=GND Pin=R26-1
Removed Pin From Net: NetName=ADC0 Pin=R26-2
Removed Pin From Net: NetName=GND Pin=R27-1
Removed Pin From Net: NetName=ADC3 Pin=R27-2
Removed Pin From Net: NetName=GND Pin=R28-1
Removed Pin From Net: NetName=ADC6 Pin=R28-2
Removed Pin From Net: NetName=GND Pin=R29-1
Removed Pin From Net: NetName=ADC9 Pin=R29-2
Removed Pin From Net: NetName=ADC11 Pin=R33-1
Removed Pin From Net: NetName=ADC13 Pin=R34-1
Removed Pin From Net: NetName=ADC15 Pin=R35-1
Removed Pin From Net: NetName=GND Pin=R36-1
Removed Pin From Net: NetName=ADC11 Pin=R36-2
Removed Pin From Net: NetName=GND Pin=R37-1
Removed Pin From Net: NetName=ADC13 Pin=R37-2
Removed Pin From Net: NetName=GND Pin=R38-1
Removed Pin From Net: NetName=ADC15 Pin=R38-2
Removed Pin From Net: NetName=ADC14 Pin=R42-1
Removed Pin From Net: NetName=ADC10 Pin=R43-1
Removed Pin From Net: NetName=ADC12 Pin=R44-1
Removed Pin From Net: NetName=GND Pin=R45-1
Removed Pin From Net: NetName=ADC14 Pin=R45-2
Removed Pin From Net: NetName=GND Pin=R46-1
Removed Pin From Net: NetName=ADC10 Pin=R46-2
Removed Pin From Net: NetName=GND Pin=R47-1
Removed Pin From Net: NetName=ADC12 Pin=R47-2
Removed Member From Class: ClassName=RPi_DAQ_Hat_Connections Member=P2
Removed Member From Class: ClassName=RPi_DAQ_Hat_Connections Member=P4
Added Pin To Net: NetName=14V Pin=P5-1
Added Pin To Net: NetName=CAN2_L Pin=P5-2
Added Pin To Net: NetName=CAN2_H Pin=P5-3
Added Pin To Net: NetName=GND Pin=P5-4
Added Pin To Net: NetName=PC10 Pin=STM1-78
Added Net: Name=PC10
Added Pin To Net: NetName=PC11 Pin=STM1-79
Added Net: Name=PC11
