Added Component: Designator=C1(SMD Capacitor 220uF 16V)
Added Component: Designator=C2(6-0805_N)
Added Component: Designator=C3(SMD Capacitor 220uF 16V)
Added Component: Designator=C4(6-0805_L)
Added Component: Designator=D1(SMB)
Added Component: Designator=P?(HDR2X6)
Added Component: Designator=P?(HDR2X6)
Added Component: Designator=P?(HDR2X6)
Added Pin To Net: NetName=5V Pin=P?-1
Added Pin To Net: NetName=5V Pin=P?-1
Added Pin To Net: NetName=5V Pin=P?-3
Added Net: Name=5V
Added Pin To Net: NetName=14V Pin=P?-1
Added Net: Name=14V
Added Pin To Net: NetName=ANV0 Pin=P?-7
Added Net: Name=ANV0
Added Pin To Net: NetName=ANV1 Pin=P?-9
Added Net: Name=ANV1
Added Pin To Net: NetName=ANV2 Pin=P?-11
Added Net: Name=ANV2
Added Pin To Net: NetName=ANV3 Pin=P?-12
Added Net: Name=ANV3
Added Pin To Net: NetName=ANV4 Pin=P?-10
Added Net: Name=ANV4
Added Pin To Net: NetName=ANV5 Pin=P?-8
Added Net: Name=ANV5
Added Pin To Net: NetName=ANV6 Pin=P?-3
Added Net: Name=ANV6
Added Pin To Net: NetName=ANV7 Pin=P?-5
Added Net: Name=ANV7
Added Pin To Net: NetName=ANV8 Pin=P?-7
Added Net: Name=ANV8
Added Pin To Net: NetName=ANV9 Pin=P?-9
Added Net: Name=ANV9
Added Pin To Net: NetName=ANV10 Pin=P?-11
Added Net: Name=ANV10
Added Pin To Net: NetName=ANV11 Pin=P?-12
Added Net: Name=ANV11
Added Pin To Net: NetName=ANV12 Pin=P?-10
Added Net: Name=ANV12
Added Pin To Net: NetName=ANV13 Pin=P?-8
Added Net: Name=ANV13
Added Pin To Net: NetName=ANV14 Pin=P?-6
Added Net: Name=ANV14
Added Pin To Net: NetName=ANV15 Pin=P?-4
Added Net: Name=ANV15
Added Pin To Net: NetName=CAN1_H Pin=P?-5
Added Net: Name=CAN1_H
Added Pin To Net: NetName=CAN1_L Pin=P?-7
Added Net: Name=CAN1_L
Added Pin To Net: NetName=CAN2_H Pin=P?-3
Added Net: Name=CAN2_H
Added Pin To Net: NetName=CAN2_L Pin=P?-5
Added Net: Name=CAN2_L
Added Pin To Net: NetName=GND Pin=C1-2
Added Pin To Net: NetName=GND Pin=C2-1
Added Pin To Net: NetName=GND Pin=C3-2
Added Pin To Net: NetName=GND Pin=C4-1
Added Pin To Net: NetName=GND Pin=D1-1
Added Pin To Net: NetName=GND Pin=P?-2
Added Pin To Net: NetName=GND Pin=P?-2
Added Pin To Net: NetName=GND Pin=P?-2
Added Net: Name=GND
Added Pin To Net: NetName=GPIO1 Pin=P?-12
Added Net: Name=GPIO1
Added Pin To Net: NetName=GPIO2 Pin=P?-10
Added Net: Name=GPIO2
Added Pin To Net: NetName=GPIO3 Pin=P?-8
Added Net: Name=GPIO3
Added Pin To Net: NetName=GPIO4 Pin=P?-6
Added Net: Name=GPIO4
Added Pin To Net: NetName=GPIO5 Pin=P?-4
Added Net: Name=GPIO5
Added Pin To Net: NetName=NetD1_2 Pin=D1-2
Added Net: Name=NetD1_2
Added Pin To Net: NetName=TIMER1 Pin=P?-9
Added Net: Name=TIMER1
Added Pin To Net: NetName=TIMER2 Pin=P?-11
Added Net: Name=TIMER2
Added Pin To Net: NetName=TIMER4 Pin=P?-4
Added Net: Name=TIMER4
Added Pin To Net: NetName=TIMER5 Pin=P?-6
Added Net: Name=TIMER5
Added Pin To Net: NetName=V_BATT Pin=C3-1
Added Pin To Net: NetName=V_BATT Pin=C4-2
Added Net: Name=V_BATT
Added Pin To Net: NetName=VCC_3V3 Pin=C1-1
Added Pin To Net: NetName=VCC_3V3 Pin=C2-2
Added Net: Name=VCC_3V3
Added Member To Class: ClassName=RPi_DAQ_Hat_Connections Member=Component C1 220uF
Added Member To Class: ClassName=RPi_DAQ_Hat_Connections Member=Component C2 100nF
Added Member To Class: ClassName=RPi_DAQ_Hat_Connections Member=Component C3 220uF
Added Member To Class: ClassName=RPi_DAQ_Hat_Connections Member=Component C4 100nF
Added Member To Class: ClassName=RPi_DAQ_Hat_Connections Member=Component D1 D Schottky
Added Member To Class: ClassName=RPi_DAQ_Hat_Connections Member=Component P? DTM12
Added Member To Class: ClassName=RPi_DAQ_Hat_Connections Member=Component P? DTM12
Added Member To Class: ClassName=RPi_DAQ_Hat_Connections Member=Component P? Raspberry Pi 3 
Added Room: Name=RPi_DAQ_Hat_Connections
