Removed Pin From Net: NetName=14V Pin=P2-1
Removed Pin From Net: NetName=5V Pin=P2-2
Removed Pin From Net: NetName=CAN1_H Pin=P2-3
Removed Pin From Net: NetName=CAN1_L Pin=P2-4
Removed Pin From Net: NetName=5V Pin=P3-1
Removed Pin From Net: NetName=CAN2_H Pin=P3-2
Removed Pin From Net: NetName=CAN2_L Pin=P3-3
Removed Pin From Net: NetName=ANV5 Pin=P3-6
Removed Pin From Net: NetName=ANV0 Pin=P3-7
Removed Pin From Net: NetName=ANV4 Pin=P3-8
Removed Pin From Net: NetName=ANV1 Pin=P3-9
Removed Pin From Net: NetName=ANV3 Pin=P3-10
Removed Pin From Net: NetName=ANV2 Pin=P3-11
Removed Pin From Net: NetName=GND Pin=P3-12
Removed Pin From Net: NetName=GPIO5 Pin=P4-2
Removed Pin From Net: NetName=GPIO2 Pin=P4-8
Removed Pin From Net: NetName=GPIO1 Pin=P4-10
Removed Pin From Net: NetName=3.3V Pin=Q3-3
Removed Pin From Net: NetName=3.3V Pin=Q6-3
Removed Pin From Net: NetName=3.3V Pin=Q8-3
Removed Pin From Net: NetName=3.3V Pin=Q9-3
Removed Pin From Net: NetName=3.3V Pin=Q10-3
Removed Pin From Net: NetName=3.3V Pin=Q11-3
Removed Pin From Net: NetName=3.3V Pin=Q12-3
Removed Pin From Net: NetName=3.3V Pin=Q13-3
Removed Pin From Net: NetName=3.3V Pin=Q14-3
Removed Pin From Net: NetName=3.3V Pin=Q15-3
Removed Pin From Net: NetName=ANV11 Pin=R30-1
Removed Pin From Net: NetName=ANV13 Pin=R31-1
Removed Pin From Net: NetName=ANV15 Pin=R32-1
Removed Pin From Net: NetName=ANV14 Pin=R39-1
Removed Pin From Net: NetName=ANV10 Pin=R40-1
Removed Pin From Net: NetName=ANV12 Pin=R41-1
Removed Member From Class: ClassName=RPi_DAQ_Hat_Connections Member=P3
Removed Member From Class: ClassName=RPi_DAQ_Hat_InputConditioning1 Member=Q3
Removed Member From Class: ClassName=RPi_DAQ_Hat_InputConditioning1 Member=Q6
Removed Member From Class: ClassName=RPi_DAQ_Hat_InputConditioning1 Member=Q8
Removed Member From Class: ClassName=RPi_DAQ_Hat_InputConditioning1 Member=Q9
Removed Member From Class: ClassName=RPi_DAQ_Hat_InputConditioning3 Member=Q10
Removed Member From Class: ClassName=RPi_DAQ_Hat_InputConditioning3 Member=Q11
Removed Member From Class: ClassName=RPi_DAQ_Hat_InputConditioning3 Member=Q12
Removed Member From Class: ClassName=RPi_DAQ_Hat_InputConditioning3 Member=Q13
Removed Member From Class: ClassName=RPi_DAQ_Hat_InputConditioning3 Member=Q14
Removed Member From Class: ClassName=RPi_DAQ_Hat_InputConditioning3 Member=Q15
Removed Member From Class: ClassName=RPi_DAQ_Hat_InputConditioning1 Member=R3
Removed Member From Class: ClassName=RPi_DAQ_Hat_InputConditioning1 Member=R6
Removed Member From Class: ClassName=RPi_DAQ_Hat_InputConditioning1 Member=R8
Removed Member From Class: ClassName=RPi_DAQ_Hat_InputConditioning1 Member=R9
Removed Member From Class: ClassName=RPi_DAQ_Hat_InputConditioning3 Member=R30
Removed Member From Class: ClassName=RPi_DAQ_Hat_InputConditioning3 Member=R31
Removed Member From Class: ClassName=RPi_DAQ_Hat_InputConditioning3 Member=R32
Removed Member From Class: ClassName=RPi_DAQ_Hat_InputConditioning3 Member=R39
Removed Member From Class: ClassName=RPi_DAQ_Hat_InputConditioning3 Member=R40
Removed Member From Class: ClassName=RPi_DAQ_Hat_InputConditioning3 Member=R41
Added Component: Designator=P?(SMD 4Wire)
Added Pin To Net: NetName=5V Pin=P2-1
Added Pin To Net: NetName=ANV0 Pin=P2-2
Added Pin To Net: NetName=ANV5 Pin=P2-3
Added Pin To Net: NetName=ANV1 Pin=P2-4
Added Pin To Net: NetName=CAN2_L Pin=P2-9
Added Pin To Net: NetName=CAN2_H Pin=P2-11
Added Pin To Net: NetName=ANV2 Pin=P4-2
Added Pin To Net: NetName=ANV3 Pin=P4-8
Added Pin To Net: NetName=ANV4 Pin=P4-10
Added Pin To Net: NetName=14V Pin=P?-1
Added Pin To Net: NetName=CAN1_L Pin=P?-2
Added Pin To Net: NetName=CAN1_H Pin=P?-3
Added Pin To Net: NetName=GND Pin=P?-4
Added Member To Class: ClassName=RPi_DAQ_Hat_Connections Member=Component P? Header 2X2H
