Removed Pin From Net: NetName=GND Pin=P2-2
Removed Pin From Net: NetName=ANV15 Pin=P2-4
Removed Pin From Net: NetName=ANV14 Pin=P2-6
Removed Pin From Net: NetName=ANV13 Pin=P2-8
Removed Pin From Net: NetName=ANV12 Pin=P2-10
Removed Pin From Net: NetName=ANV11 Pin=P2-12
Removed Pin From Net: NetName=GND Pin=P3-2
Removed Pin From Net: NetName=ANV5 Pin=P3-8
Removed Pin From Net: NetName=ANV4 Pin=P3-10
Removed Pin From Net: NetName=ANV3 Pin=P3-12
Removed Pin From Net: NetName=GND Pin=P4-2
Removed Pin From Net: NetName=GPIO5 Pin=P4-4
Removed Pin From Net: NetName=GPIO4 Pin=P4-6
Removed Pin From Net: NetName=GPIO3 Pin=P4-8
Removed Pin From Net: NetName=GPIO2 Pin=P4-10
Removed Pin From Net: NetName=GPIO1 Pin=P4-12
Removed Member From Class: ClassName=RPi_DAQ_Hat_MCU Member=R1
Removed Member From Class: ClassName=RPi_DAQ_Hat_MCU Member=U1
Added Pin To Net: NetName=ANV15 Pin=P2-2
Added Pin To Net: NetName=ANV14 Pin=P2-4
Added Pin To Net: NetName=ANV13 Pin=P2-6
Added Pin To Net: NetName=ANV12 Pin=P2-8
Added Pin To Net: NetName=ANV11 Pin=P2-10
Added Pin To Net: NetName=GND Pin=P2-12
Added Pin To Net: NetName=ANV5 Pin=P3-6
Added Pin To Net: NetName=ANV4 Pin=P3-8
Added Pin To Net: NetName=ANV3 Pin=P3-10
Added Pin To Net: NetName=GND Pin=P3-12
Added Pin To Net: NetName=GPIO5 Pin=P4-2
Added Pin To Net: NetName=GPIO4 Pin=P4-4
Added Pin To Net: NetName=GPIO3 Pin=P4-6
Added Pin To Net: NetName=GPIO2 Pin=P4-8
Added Pin To Net: NetName=GPIO1 Pin=P4-10
Added Pin To Net: NetName=GND Pin=P4-12
Change Net Name : Old Net Name=TIMER4 New Net Name=TIMER5
Added Pin To Net: NetName=TIMER4 Pin=P3-2
Added Net: Name=TIMER4
