Added Component: Designator=D?(DIODE-0.7)
Added Component: Designator=D?(DIODE-0.7)
Added Component: Designator=D?(DIODE-0.7)
Added Component: Designator=D?(DIODE-0.7)
Added Component: Designator=D?(DIODE-0.7)
Added Component: Designator=D?(DIODE-0.7)
Added Component: Designator=D?(DIODE-0.7)
Added Component: Designator=D?(DIODE-0.7)
Added Component: Designator=D?(DIODE-0.7)
Added Component: Designator=D?(DIODE-0.7)
Added Component: Designator=R?(R0805)
Added Component: Designator=R?(R0805)
Added Component: Designator=R?(R0805)
Added Component: Designator=R?(R0805)
Added Component: Designator=R?(R0805)
Added Component: Designator=R?(R0805)
Added Component: Designator=R?(R0805)
Added Component: Designator=R?(R0805)
Added Component: Designator=R?(R0805)
Added Component: Designator=R?(R0805)
Added Component: Designator=R?(R0805)
Added Component: Designator=R?(R0805)
Added Component: Designator=R?(R0805)
Added Component: Designator=R?(R0805)
Added Component: Designator=R?(R0805)
Added Component: Designator=R?(R0805)
Added Component: Designator=R?(R0805)
Added Component: Designator=R?(R0805)
Added Component: Designator=R?(R0805)
Added Component: Designator=R?(R0805)
Added Pin To Net: NetName=GND Pin=D?-1
Added Pin To Net: NetName=GND Pin=D?-1
Added Pin To Net: NetName=GND Pin=D?-1
Added Pin To Net: NetName=GND Pin=D?-1
Added Pin To Net: NetName=GND Pin=D?-1
Added Pin To Net: NetName=GND Pin=D?-1
Added Pin To Net: NetName=GND Pin=D?-1
Added Pin To Net: NetName=GND Pin=D?-1
Added Pin To Net: NetName=GND Pin=D?-1
Added Pin To Net: NetName=GND Pin=D?-1
Added Pin To Net: NetName=GND Pin=R?-1
Added Pin To Net: NetName=GND Pin=R?-1
Added Pin To Net: NetName=GND Pin=R?-1
Added Pin To Net: NetName=GND Pin=R?-1
Added Pin To Net: NetName=GND Pin=R?-1
Added Pin To Net: NetName=GND Pin=R?-1
Added Pin To Net: NetName=GND Pin=R?-1
Added Pin To Net: NetName=GND Pin=R?-1
Added Pin To Net: NetName=GND Pin=R?-1
Added Pin To Net: NetName=GND Pin=R?-1
Added Pin To Net: NetName=ANV0 Pin=R?-2
Added Pin To Net: NetName=ANV1 Pin=R?-2
Added Pin To Net: NetName=ANV2 Pin=R?-2
Added Pin To Net: NetName=ANV3 Pin=R?-2
Added Pin To Net: NetName=ANV4 Pin=R?-2
Added Pin To Net: NetName=ANV5 Pin=R?-2
Added Pin To Net: NetName=ANV6 Pin=R?-2
Added Pin To Net: NetName=ANV7 Pin=R?-2
Added Pin To Net: NetName=ANV8 Pin=R?-2
Added Pin To Net: NetName=ANV9 Pin=R?-2
Added Pin To Net: NetName=ADC0 Pin=D?-2
Added Pin To Net: NetName=ADC0 Pin=R?-1
Added Pin To Net: NetName=ADC0 Pin=R?-2
Added Net: Name=ADC0
Added Pin To Net: NetName=ADC1 Pin=D?-2
Added Pin To Net: NetName=ADC1 Pin=R?-1
Added Pin To Net: NetName=ADC1 Pin=R?-2
Added Net: Name=ADC1
Added Pin To Net: NetName=ADC2 Pin=D?-2
Added Pin To Net: NetName=ADC2 Pin=R?-1
Added Pin To Net: NetName=ADC2 Pin=R?-2
Added Net: Name=ADC2
Added Pin To Net: NetName=ADC3 Pin=D?-2
Added Pin To Net: NetName=ADC3 Pin=R?-1
Added Pin To Net: NetName=ADC3 Pin=R?-2
Added Net: Name=ADC3
Added Pin To Net: NetName=ADC4 Pin=D?-2
Added Pin To Net: NetName=ADC4 Pin=R?-1
Added Pin To Net: NetName=ADC4 Pin=R?-2
Added Net: Name=ADC4
Added Pin To Net: NetName=ADC5 Pin=D?-2
Added Pin To Net: NetName=ADC5 Pin=R?-1
Added Pin To Net: NetName=ADC5 Pin=R?-2
Added Net: Name=ADC5
Added Pin To Net: NetName=ADC6 Pin=D?-2
Added Pin To Net: NetName=ADC6 Pin=R?-1
Added Pin To Net: NetName=ADC6 Pin=R?-2
Added Net: Name=ADC6
Added Pin To Net: NetName=ADC7 Pin=D?-2
Added Pin To Net: NetName=ADC7 Pin=R?-1
Added Pin To Net: NetName=ADC7 Pin=R?-2
Added Net: Name=ADC7
Added Pin To Net: NetName=ADC8 Pin=D?-2
Added Pin To Net: NetName=ADC8 Pin=R?-1
Added Pin To Net: NetName=ADC8 Pin=R?-2
Added Net: Name=ADC8
Added Pin To Net: NetName=ADC9 Pin=D?-2
Added Pin To Net: NetName=ADC9 Pin=R?-1
Added Pin To Net: NetName=ADC9 Pin=R?-2
Added Net: Name=ADC9
Added Class: Name=RPi_DAQ_Hat_InputConditioning
Added Member To Class: ClassName=RPi_DAQ_Hat_MCU Member=Component R1 Res3
Added Member To Class: ClassName=RPi_DAQ_Hat_MCU Member=Component U1 CAN TRANCEIVER
Added Room: Name=RPi_DAQ_Hat_InputConditioning
